<?xml version="1.0" encoding="UTF-8"?>
<!-- Generated by org.testng.reporters.JUnitXMLReporter -->
<testsuite ignored="1" hostname="ndi-mb-063" failures="0" tests="2" name="Default test" time="44.471" errors="0" timestamp="2020-08-05T19:47:59 IST">
  <testcase classname="selenium4.ShadowElementTests" name="addItemToday" time="19.474"/>
  <testcase classname="selenium4.ShadowElementTests" name="addItemLater" time="19.374"/>
  <testcase classname="selenium4.ShadowElementTests" name="deleteItemLater" time="0.0">
    <ignored/>
  </testcase> <!-- deleteItemLater -->
</testsuite> <!-- Default test -->
